<?xml version="1.0" encoding="UTF-8"?>
<!-- Generated by org.testng.reporters.JUnitReportReporter -->
<testsuite hostname="LAPTOP-64SPBT5G" failures="0" tests="10" name="testCases.TC004_AccountRegistrationDDT" time="43.283" errors="0" timestamp="2026-08-10T16:42:08 IST" skipped="0">
  <testcase classname="testCases.TC004_AccountRegistrationDDT" name="regData" time="4.059"/>
  <testcase classname="testCases.TC004_AccountRegistrationDDT" name="regData" time="4.327"/>
  <testcase classname="testCases.TC004_AccountRegistrationDDT" name="regData" time="3.988"/>
  <testcase classname="testCases.TC004_AccountRegistrationDDT" name="regData" time="3.963"/>
  <testcase classname="testCases.TC004_AccountRegistrationDDT" name="regData" time="5.424"/>
  <testcase classname="testCases.TC004_AccountRegistrationDDT" name="regData" time="4.580"/>
  <testcase classname="testCases.TC004_AccountRegistrationDDT" name="regData" time="4.115"/>
  <testcase classname="testCases.TC004_AccountRegistrationDDT" name="regData" time="4.047"/>
  <testcase classname="testCases.TC004_AccountRegistrationDDT" name="regData" time="4.375"/>
  <testcase classname="testCases.TC004_AccountRegistrationDDT" name="regData" time="4.405"/>
</testsuite> <!-- testCases.TC004_AccountRegistrationDDT -->
